<?xml version="1.0" encoding="UTF-8"?>
<!-- Generated by org.testng.reporters.JUnitXMLReporter -->
<testsuite ignored="4" hostname="SHREE" failures="0" tests="1" name="Default test" time="50.402" errors="0" timestamp="2022-08-29T14:15:16 IST">
  <testcase classname="test.HomePageTest" name="searchStockAndClickOnBuy" time="9.251"/>
  <testcase classname="test.HomePageTest" name="SearchStockTest" time="0.0">
    <ignored/>
  </testcase> <!-- SearchStockTest -->
  <testcase classname="test.HomePageTest" name="clickonsearchAccountandLogout" time="0.0">
    <ignored/>
  </testcase> <!-- clickonsearchAccountandLogout -->
  <testcase classname="test.HomePageTest" name="sesrchAccountandClick" time="0.0">
    <ignored/>
  </testcase> <!-- sesrchAccountandClick -->
  <testcase classname="test.HomePageTest" name="searchStockandcliCkonSell" time="0.0">
    <ignored/>
  </testcase> <!-- searchStockandcliCkonSell -->
</testsuite> <!-- Default test -->
