<?xml version="1.0" encoding="UTF-8"?>
<testng-results ignored="4" total="5" passed="1" failed="0" skipped="0">
  <reporter-output>
  </reporter-output>
  <suite started-at="2022-08-29T14:14:26 IST" name="Default suite" finished-at="2022-08-29T14:15:16 IST" duration-ms="50402">
    <groups>
    </groups>
    <test started-at="2022-08-29T14:14:26 IST" name="Default test" finished-at="2022-08-29T14:15:16 IST" duration-ms="50402">
      <class name="test.HomePageTest">
        <test-method is-config="true" signature="LaunchBrowser()[pri:0, instance:test.HomePageTest@4f2b503c]" started-at="2022-08-29T14:14:26 IST" name="LaunchBrowser" finished-at="2022-08-29T14:15:07 IST" duration-ms="41083" status="PASS">
          <reporter-output>
          </reporter-output>
        </test-method> <!-- LaunchBrowser -->
        <test-method signature="searchStockAndClickOnBuy()[pri:0, instance:test.HomePageTest@4f2b503c]" started-at="2022-08-29T14:15:07 IST" name="searchStockAndClickOnBuy" finished-at="2022-08-29T14:15:16 IST" duration-ms="9251" status="PASS">
          <reporter-output>
          </reporter-output>
        </test-method> <!-- searchStockAndClickOnBuy -->
      </class> <!-- test.HomePageTest -->
    </test> <!-- Default test -->
  </suite> <!-- Default suite -->
</testng-results>
